{"level":"warn","message":"Este metodo es inexistente para esta ruta /api/carrito/css/style.css | Metodo GET "}
{"level":"warn","message":"Este metodo es inexistente para esta ruta /api/carrito/css/style.css | Metodo GET "}
{"level":"warn","message":"Este metodo es inexistente para esta ruta /api/carrito/css/style.css | Metodo GET "}
{"level":"warn","message":"Este metodo es inexistente para esta ruta /api/carrito/css/style.css | Metodo GET "}
{"level":"warn","message":"Este metodo es inexistente para esta ruta /images/1674509030881-Antonio | Metodo GET "}
{"level":"warn","message":"Este metodo es inexistente para esta ruta /api/carrito/css/style.css | Metodo GET "}
{"level":"warn","message":"Este metodo es inexistente para esta ruta /api/carrito/css/style.css | Metodo GET "}
{"level":"warn","message":"Este metodo es inexistente para esta ruta /api/carrito/css/style.css | Metodo GET "}
{"level":"warn","message":"Este metodo es inexistente para esta ruta /api/carrito/css/style.css | Metodo GET "}
{"level":"warn","message":"Este metodo es inexistente para esta ruta /api/carrito/css/style.css | Metodo GET "}
{"level":"warn","message":"Este metodo es inexistente para esta ruta /api/carrito/css/style.css | Metodo GET "}
{"level":"warn","message":"Este metodo es inexistente para esta ruta /api/carrito/css/style.css | Metodo GET "}
{"level":"warn","message":"Este metodo es inexistente para esta ruta /api/carrito/css/style.css | Metodo GET "}
{"level":"warn","message":"Este metodo es inexistente para esta ruta /api/carrito/css/style.css | Metodo GET "}
{"level":"warn","message":"Este metodo es inexistente para esta ruta /api/carrito/css/style.css | Metodo GET "}
{"level":"warn","message":"Este metodo es inexistente para esta ruta /api/carrito/css/style.css | Metodo GET "}
{"level":"warn","message":"Este metodo es inexistente para esta ruta /api/carrito/css/style.css | Metodo GET "}
{"level":"warn","message":"Este metodo es inexistente para esta ruta /api/carrito/css/style.css | Metodo GET "}
{"level":"warn","message":"Este metodo es inexistente para esta ruta /api/carrito/css/style.css | Metodo GET "}
{"level":"warn","message":"Este metodo es inexistente para esta ruta /api/carrito/css/style.css | Metodo GET "}
{"level":"warn","message":"Este metodo es inexistente para esta ruta /api/carrito/css/style.css | Metodo GET "}
{"level":"warn","message":"Este metodo es inexistente para esta ruta /api/carrito/css/style.css | Metodo GET "}
{"level":"warn","message":"Este metodo es inexistente para esta ruta /images/1674509030881-Antonio | Metodo GET "}
{"level":"warn","message":"Este metodo es inexistente para esta ruta /api/carrito/css/style.css | Metodo GET "}
{"level":"warn","message":"Este metodo es inexistente para esta ruta /api/carrito/css/style.css | Metodo GET "}
{"level":"warn","message":"Este metodo es inexistente para esta ruta /api/carrito/css/style.css | Metodo GET "}
{"level":"warn","message":"Este metodo es inexistente para esta ruta /api/carrito/css/style.css | Metodo GET "}
{"level":"warn","message":"Este metodo es inexistente para esta ruta /api/carrito/css/style.css | Metodo GET "}
{"level":"warn","message":"Este metodo es inexistente para esta ruta /api/carrito/css/style.css | Metodo GET "}
{"level":"warn","message":"Este metodo es inexistente para esta ruta /api/carrito/css/style.css | Metodo GET "}
{"level":"warn","message":"Este metodo es inexistente para esta ruta /api/carrito/css/style.css | Metodo GET "}
{"level":"warn","message":"Este metodo es inexistente para esta ruta /api/carrito/css/style.css | Metodo GET "}
{"level":"warn","message":"Este metodo es inexistente para esta ruta /api/carrito/css/style.css | Metodo GET "}
{"level":"warn","message":"Este metodo es inexistente para esta ruta /api/carrito/css/style.css | Metodo GET "}
{"level":"warn","message":"Este metodo es inexistente para esta ruta /api/carrito/css/style.css | Metodo GET "}
{"level":"warn","message":"Este metodo es inexistente para esta ruta /api/carrito/css/style.css | Metodo GET "}
{"level":"warn","message":"Este metodo es inexistente para esta ruta /api/carrito/css/style.css | Metodo GET "}
{"level":"warn","message":"Este metodo es inexistente para esta ruta /api/carrito/css/style.css | Metodo GET "}
{"level":"warn","message":"Este metodo es inexistente para esta ruta /api/carrito/css/style.css | Metodo GET "}
{"level":"warn","message":"Este metodo es inexistente para esta ruta /api/carrito/css/style.css | Metodo GET "}
{"level":"warn","message":"Este metodo es inexistente para esta ruta /api/carrito/css/style.css | Metodo GET "}
{"level":"warn","message":"Este metodo es inexistente para esta ruta /api/carrito/css/style.css | Metodo GET "}
{"level":"warn","message":"Este metodo es inexistente para esta ruta /api/carrito/css/style.css | Metodo GET "}
{"level":"warn","message":"Este metodo es inexistente para esta ruta /api/carrito/css/style.css | Metodo GET "}
{"level":"warn","message":"Este metodo es inexistente para esta ruta /api/carrito/css/style.css | Metodo GET "}
{"level":"warn","message":"Este metodo es inexistente para esta ruta /api/carrito/css/style.css | Metodo GET "}
{"level":"warn","message":"Este metodo es inexistente para esta ruta /api/carrito/css/style.css | Metodo GET "}
{"level":"warn","message":"Este metodo es inexistente para esta ruta /api/carrito/css/style.css | Metodo GET "}
{"level":"warn","message":"Este metodo es inexistente para esta ruta /api/carrito/css/style.css | Metodo GET "}
{"level":"warn","message":"Este metodo es inexistente para esta ruta /api/carrito/css/style.css | Metodo GET "}
{"level":"warn","message":"Este metodo es inexistente para esta ruta /api/carrito/css/style.css | Metodo GET "}
{"level":"warn","message":"Este metodo es inexistente para esta ruta /api/carrito/css/style.css | Metodo GET "}
{"level":"warn","message":"Este metodo es inexistente para esta ruta /api/carrito/css/style.css | Metodo GET "}
{"level":"warn","message":"Este metodo es inexistente para esta ruta /api/carrito/css/style.css | Metodo GET "}
{"level":"warn","message":"Este metodo es inexistente para esta ruta /api/carrito/css/style.css | Metodo GET "}
{"level":"warn","message":"Este metodo es inexistente para esta ruta /api/carrito/css/style.css | Metodo GET "}
{"level":"warn","message":"Este metodo es inexistente para esta ruta /api/carrito/css/style.css | Metodo GET "}
{"level":"warn","message":"Este metodo es inexistente para esta ruta /api/carrito/css/style.css | Metodo GET "}
{"level":"warn","message":"Este metodo es inexistente para esta ruta /api/carrito/css/style.css | Metodo GET "}
{"level":"warn","message":"Este metodo es inexistente para esta ruta /api/carrito/css/style.css | Metodo GET "}
{"level":"warn","message":"Este metodo es inexistente para esta ruta /api/carrito/css/style.css | Metodo GET "}
{"level":"warn","message":"Este metodo es inexistente para esta ruta /api/carrito/css/style.css | Metodo GET "}
{"level":"warn","message":"Este metodo es inexistente para esta ruta /api/carrito/css/style.css | Metodo GET "}
{"level":"warn","message":"Este metodo es inexistente para esta ruta /api/carrito/css/style.css | Metodo GET "}
{"level":"warn","message":"Este metodo es inexistente para esta ruta /api/carrito/css/style.css | Metodo GET "}
{"level":"warn","message":"Este metodo es inexistente para esta ruta /api/carrito/css/style.css | Metodo GET "}
{"level":"warn","message":"Este metodo es inexistente para esta ruta /api/carrito/css/style.css | Metodo GET "}
{"level":"warn","message":"Este metodo es inexistente para esta ruta /images/1674509030881-Antonio | Metodo GET "}
{"level":"warn","message":"Este metodo es inexistente para esta ruta /api/carrito/css/style.css | Metodo GET "}
{"level":"warn","message":"Este metodo es inexistente para esta ruta /api/carrito/css/style.css | Metodo GET "}
{"level":"warn","message":"Este metodo es inexistente para esta ruta /api/carrito/css/style.css | Metodo GET "}
{"level":"warn","message":"Este metodo es inexistente para esta ruta /api/carrito/css/style.css | Metodo GET "}
{"level":"warn","message":"Este metodo es inexistente para esta ruta /api/carrito/css/style.css | Metodo GET "}
{"level":"warn","message":"Este metodo es inexistente para esta ruta /api/carrito/css/style.css | Metodo GET "}
{"level":"warn","message":"Este metodo es inexistente para esta ruta /api/carrito/css/style.css | Metodo GET "}
{"level":"warn","message":"Este metodo es inexistente para esta ruta /api/carrito/css/style.css | Metodo GET "}
{"level":"warn","message":"Este metodo es inexistente para esta ruta /api/carrito/css/style.css | Metodo GET "}
{"level":"warn","message":"Este metodo es inexistente para esta ruta /api/carrito/css/style.css | Metodo GET "}
{"level":"warn","message":"Este metodo es inexistente para esta ruta /api/carrito/css/style.css | Metodo GET "}
{"level":"warn","message":"Este metodo es inexistente para esta ruta /images/1674509030881-Antonio | Metodo GET "}
{"level":"warn","message":"Este metodo es inexistente para esta ruta /api/carrito/css/style.css | Metodo GET "}
{"level":"warn","message":"Este metodo es inexistente para esta ruta /api/carrito/css/style.css | Metodo GET "}
{"level":"warn","message":"Este metodo es inexistente para esta ruta /api/carrito/css/style.css | Metodo GET "}
{"level":"warn","message":"Este metodo es inexistente para esta ruta /api/carrito/css/style.css | Metodo GET "}
{"level":"warn","message":"Este metodo es inexistente para esta ruta /api/carrito/css/style.css | Metodo GET "}
{"level":"warn","message":"Este metodo es inexistente para esta ruta /api/carrito/css/style.css | Metodo GET "}
{"level":"warn","message":"Este metodo es inexistente para esta ruta /api/carrito/css/style.css | Metodo GET "}
{"level":"warn","message":"Este metodo es inexistente para esta ruta /api/carrito/css/style.css | Metodo GET "}
{"level":"warn","message":"Este metodo es inexistente para esta ruta /api/carrito/css/style.css | Metodo GET "}
{"level":"warn","message":"Este metodo es inexistente para esta ruta /images/1674509030881-Antonio | Metodo GET "}
{"level":"warn","message":"Este metodo es inexistente para esta ruta /images/1674509030881-Antonio | Metodo GET "}
{"level":"warn","message":"Este metodo es inexistente para esta ruta /images/1674509030881-Antonio.webp | Metodo GET "}
{"level":"warn","message":"Este metodo es inexistente para esta ruta /images/1674509030881-Antonio | Metodo GET "}
{"level":"warn","message":"Este metodo es inexistente para esta ruta /chat | Metodo POST "}
{"level":"warn","message":"Este metodo es inexistente para esta ruta /chat | Metodo POST "}
{"level":"warn","message":"Este metodo es inexistente para esta ruta /api/carrito/css/style.css | Metodo GET "}
{"level":"warn","message":"Este metodo es inexistente para esta ruta /api/carrito/css/style.css | Metodo GET "}
{"level":"warn","message":"Este metodo es inexistente para esta ruta /api/carrito/css/style.css | Metodo GET "}
{"level":"warn","message":"Este metodo es inexistente para esta ruta /api/carrito/css/style.css | Metodo GET "}
{"level":"warn","message":"Este metodo es inexistente para esta ruta /api/carrito/css/style.css | Metodo GET "}
{"level":"warn","message":"Este metodo es inexistente para esta ruta /api/carrito/css/style.css | Metodo GET "}
{"level":"warn","message":"Este metodo es inexistente para esta ruta /api/carrito/css/style.css | Metodo GET "}
{"level":"warn","message":"Este metodo es inexistente para esta ruta /api/carrito/css/style.css | Metodo GET "}
{"level":"warn","message":"Este metodo es inexistente para esta ruta /api/carrito/css/style.css | Metodo GET "}
{"level":"warn","message":"Este metodo es inexistente para esta ruta /api/carrito/css/style.css | Metodo GET "}
{"level":"warn","message":"Este metodo es inexistente para esta ruta /api/carrito/css/style.css | Metodo GET "}
{"level":"warn","message":"Este metodo es inexistente para esta ruta /api/carrito/css/style.css | Metodo GET "}
{"level":"warn","message":"Este metodo es inexistente para esta ruta /api/carrito/css/style.css | Metodo GET "}
{"level":"warn","message":"Este metodo es inexistente para esta ruta /api/carrito/css/style.css | Metodo GET "}
{"level":"warn","message":"Este metodo es inexistente para esta ruta /api/carrito/css/style.css | Metodo GET "}
{"level":"warn","message":"Este metodo es inexistente para esta ruta /api/carrito/css/style.css | Metodo GET "}
{"level":"warn","message":"Este metodo es inexistente para esta ruta /api/carrito/css/style.css | Metodo GET "}
{"level":"warn","message":"Este metodo es inexistente para esta ruta /api/carrito/css/style.css | Metodo GET "}
{"level":"warn","message":"Este metodo es inexistente para esta ruta /api/carrito/css/style.css | Metodo GET "}
{"level":"warn","message":"Este metodo es inexistente para esta ruta /api/carrito/css/style.css | Metodo GET "}
{"level":"warn","message":"Este metodo es inexistente para esta ruta /api/carrito/css/style.css | Metodo GET "}
{"level":"warn","message":"Este metodo es inexistente para esta ruta /api/carrito/css/style.css | Metodo GET "}
{"level":"warn","message":"Este metodo es inexistente para esta ruta /api/carrito/css/style.css | Metodo GET "}
{"level":"warn","message":"Este metodo es inexistente para esta ruta /api/carrito/css/style.css | Metodo GET "}
{"level":"warn","message":"Este metodo es inexistente para esta ruta /api/carrito/css/style.css | Metodo GET "}
{"level":"warn","message":"Este metodo es inexistente para esta ruta /api/carrito/css/style.css | Metodo GET "}
{"level":"warn","message":"Este metodo es inexistente para esta ruta /api/carrito/css/style.css | Metodo GET "}
{"level":"warn","message":"Este metodo es inexistente para esta ruta /api/carrito/css/style.css | Metodo GET "}
{"level":"warn","message":"Este metodo es inexistente para esta ruta /api/carrito/css/style.css | Metodo GET "}
{"level":"warn","message":"Este metodo es inexistente para esta ruta /api/carrito/css/style.css | Metodo GET "}
{"level":"warn","message":"Este metodo es inexistente para esta ruta /api/carrito/css/style.css | Metodo GET "}
{"level":"warn","message":"Este metodo es inexistente para esta ruta /api/carrito/css/style.css | Metodo GET "}
{"level":"warn","message":"Este metodo es inexistente para esta ruta /api/carrito/css/style.css | Metodo GET "}
{"level":"warn","message":"Este metodo es inexistente para esta ruta /api/carrito/css/style.css | Metodo GET "}
{"level":"warn","message":"Este metodo es inexistente para esta ruta /api/carrito/css/style.css | Metodo GET "}
{"level":"warn","message":"Este metodo es inexistente para esta ruta /api/carrito/css/style.css | Metodo GET "}
{"level":"warn","message":"Este metodo es inexistente para esta ruta /api/carrito/css/style.css | Metodo GET "}
{"level":"warn","message":"Este metodo es inexistente para esta ruta /api/carrito/css/style.css | Metodo GET "}
{"level":"warn","message":"Este metodo es inexistente para esta ruta /api/carrito/css/style.css | Metodo GET "}
{"level":"warn","message":"Este metodo es inexistente para esta ruta /api/carrito/css/style.css | Metodo GET "}
{"level":"warn","message":"Este metodo es inexistente para esta ruta /api/carrito/css/style.css | Metodo GET "}
{"level":"warn","message":"Este metodo es inexistente para esta ruta /api/carrito/css/style.css | Metodo GET "}
{"level":"warn","message":"Este metodo es inexistente para esta ruta /api/carrito/css/style.css | Metodo GET "}
{"level":"warn","message":"Este metodo es inexistente para esta ruta /api/carrito/css/style.css | Metodo GET "}
{"level":"warn","message":"Este metodo es inexistente para esta ruta /api/carrito/css/style.css | Metodo GET "}
{"level":"warn","message":"Este metodo es inexistente para esta ruta /api/carrito/css/style.css | Metodo GET "}
{"level":"warn","message":"Este metodo es inexistente para esta ruta /api/carrito/css/style.css | Metodo GET "}
{"level":"warn","message":"Este metodo es inexistente para esta ruta /api/carrito/css/style.css | Metodo GET "}
{"level":"warn","message":"Este metodo es inexistente para esta ruta /api/carrito/css/style.css | Metodo GET "}
{"level":"warn","message":"Este metodo es inexistente para esta ruta /api/carrito/css/style.css | Metodo GET "}
{"level":"warn","message":"Este metodo es inexistente para esta ruta /api/carrito/css/style.css | Metodo GET "}
{"level":"warn","message":"Este metodo es inexistente para esta ruta /api/carrito/css/style.css | Metodo GET "}
{"level":"warn","message":"Este metodo es inexistente para esta ruta /api/carrito/css/style.css | Metodo GET "}
{"level":"warn","message":"Este metodo es inexistente para esta ruta /api/carrito/css/style.css | Metodo GET "}
{"level":"warn","message":"Este metodo es inexistente para esta ruta /api/carrito/css/style.css | Metodo GET "}
{"level":"warn","message":"Este metodo es inexistente para esta ruta /api/carrito/css/style.css | Metodo GET "}
{"level":"warn","message":"Este metodo es inexistente para esta ruta /api/carrito/css/style.css | Metodo GET "}
{"level":"warn","message":"Este metodo es inexistente para esta ruta /api/carrito/css/style.css | Metodo GET "}
{"level":"warn","message":"Este metodo es inexistente para esta ruta /api/carrito/css/style.css | Metodo GET "}
{"level":"warn","message":"Este metodo es inexistente para esta ruta /api/carrito/css/style.css | Metodo GET "}
{"level":"warn","message":"Este metodo es inexistente para esta ruta /api/carrito/css/style.css | Metodo GET "}
{"level":"warn","message":"Este metodo es inexistente para esta ruta /api/carrito/css/style.css | Metodo GET "}
{"level":"warn","message":"Este metodo es inexistente para esta ruta /api/carrito/css/style.css | Metodo GET "}
{"level":"warn","message":"Este metodo es inexistente para esta ruta /api/carrito/css/style.css | Metodo GET "}
{"level":"warn","message":"Este metodo es inexistente para esta ruta /api/carrito/css/style.css | Metodo GET "}
{"level":"warn","message":"Este metodo es inexistente para esta ruta /api/carrito/css/style.css | Metodo GET "}
{"level":"warn","message":"Este metodo es inexistente para esta ruta /api/carrito/css/style.css | Metodo GET "}
{"level":"warn","message":"Este metodo es inexistente para esta ruta /api/form/errorPage | Metodo GET "}
{"level":"warn","message":"Este metodo es inexistente para esta ruta /api/js/form.js | Metodo GET "}
{"level":"warn","message":"Este metodo es inexistente para esta ruta /api/form/js/form.js | Metodo GET "}
{"level":"warn","message":"Este metodo es inexistente para esta ruta /api/form/api/sessions/user | Metodo GET "}
{"level":"warn","message":"Este metodo es inexistente para esta ruta /api/form/api/sessions/user | Metodo GET "}
{"level":"warn","message":"Este metodo es inexistente para esta ruta /api/form/api/sessions/user | Metodo GET "}
{"level":"warn","message":"Este metodo es inexistente para esta ruta /api/form/api/sessions/user | Metodo GET "}
{"level":"warn","message":"Este metodo es inexistente para esta ruta /api/form/api/sessions/user | Metodo GET "}
{"level":"warn","message":"Este metodo es inexistente para esta ruta /api/form/api/sessions/logout | Metodo GET "}
{"level":"warn","message":"Este metodo es inexistente para esta ruta /api/form/api/form/login | Metodo GET "}
{"level":"warn","message":"Este metodo es inexistente para esta ruta /api/form/api/sessions/logout | Metodo GET "}
{"level":"warn","message":"Este metodo es inexistente para esta ruta /api/form/api/form/login | Metodo GET "}
